<?xml version="1.0" encoding="UTF-8"?>
<!-- Generated by org.testng.reporters.JUnitXMLReporter -->
<testsuite hostname="DESKTOP-I0DU64G" ignored="0" name="Default test(failed)" tests="2" failures="0" timestamp="11 May 2022 06:51:33 GMT" time="0.107" errors="0">
  <testcase name="@BeforeClass setup" time="0.0" classname="com.sframework.testCases.BaseClass">
    <failure type="org.testng.TestNGException" message="
Parameter &amp;apos;browser&amp;apos; is required by BeforeClass on method setup but has not been marked @Optional or defined
in D:\Workspace\Selenium_FrameWork\test-output\testng-failed.xml">
      <![CDATA[org.testng.TestNGException: 
Parameter 'browser' is required by BeforeClass on method setup but has not been marked @Optional or defined
in D:\Workspace\Selenium_FrameWork\test-output\testng-failed.xml
... Removed 23 stack frames]]>
    </failure>
  </testcase> <!-- @BeforeClass setup -->
  <testcase name="selectRadioButton" time="0.0" classname="com.sframework.testCases.TC_HandleCheckBoxAndRadioButton">
    <skipped/>
  </testcase> <!-- selectRadioButton -->
  <testcase name="selectCheckBox" time="0.0" classname="com.sframework.testCases.TC_HandleCheckBoxAndRadioButton">
    <skipped/>
  </testcase> <!-- selectCheckBox -->
</testsuite> <!-- Default test(failed) -->
